<?xml version="1.0" encoding="UTF-8"?>
<!-- Generated by org.testng.reporters.JUnitReportReporter -->
<testsuite hostname="AARCHITH" failures="0" tests="1" name="projects.Practice1" time="0.004" errors="0" timestamp="2021-05-17T22:54:28 IST" skipped="0">
  <testcase classname="projects.Practice1" name="create" time="0.004"/>
  <system-out/>
</testsuite> <!-- projects.Practice1 -->
