<?xml version="1.0" encoding="UTF-8"?>
<!-- Generated by org.testng.reporters.JUnitReportReporter -->
<testsuite hostname="AARCHITH" failures="0" tests="1" name="projects.Practice2" time="0.017" errors="0" timestamp="2021-05-17T22:54:28 IST" skipped="0">
  <testcase classname="projects.Practice2" name="delete" time="0.017"/>
  <system-out/>
</testsuite> <!-- projects.Practice2 -->
